May 26, 2025 7:16:51 PM TripMate main
SEVERE: GOOGLE_API_KEY not set.
May 26, 2025 7:24:08 PM TripMate main
INFO: Non-travel query: hey
May 26, 2025 7:27:57 PM TripMate main
INFO: Non-travel query: hey
May 26, 2025 7:28:00 PM TripMate main
INFO: Non-travel query: asd
May 26, 2025 7:28:17 PM TripMate main
INFO: Non-travel query: tell me about japan
May 26, 2025 7:28:42 PM TripMate main
INFO: Non-travel query: tell me more
May 26, 2025 7:34:41 PM TripMate main
INFO: Non-travel query: hey
May 26, 2025 7:34:52 PM TripMate main
INFO: Non-travel query: tell me aboyt sri lanka
May 26, 2025 7:35:43 PM TripMate main
INFO: Non-travel query: tell me more
May 26, 2025 7:38:31 PM TripMate main
INFO: Non-travel query: "What's the capital of France?"
May 26, 2025 7:38:42 PM TripMate main
INFO: Non-travel query: capital of france
May 26, 2025 7:40:22 PM TripMate main
INFO: Non-travel query: capital of india
May 26, 2025 7:42:41 PM TripMate main
INFO: Non-travel query: as
May 26, 2025 7:42:44 PM TripMate main
INFO: Non-travel query: hi
May 26, 2025 7:42:47 PM TripMate main
INFO: Non-travel query: adasd
May 26, 2025 7:42:57 PM TripMate main
INFO: Non-travel query: i want to exit
May 26, 2025 7:43:04 PM TripMate main
INFO: Non-travel query: hey
May 26, 2025 7:43:15 PM TripMate main
INFO: Non-travel query: tell me aboyt india
May 26, 2025 7:44:07 PM TripMate main
INFO: Non-travel query: What's your budget?
May 26, 2025 7:45:56 PM TripMate main
INFO: Non-travel query: 2
May 26, 2025 7:46:04 PM TripMate main
INFO: Non-travel query: 2+2
May 26, 2025 7:46:21 PM TripMate main
INFO: Non-travel query: What's your budget?
May 26, 2025 7:50:49 PM TripMate main
INFO: Non-travel query: hey
May 26, 2025 7:50:52 PM TripMate main
INFO: Non-travel query: hey
May 26, 2025 7:50:58 PM TripMate main
INFO: Non-travel query: hi
May 26, 2025 7:51:20 PM TripMate main
INFO: Non-travel query: hi
May 26, 2025 7:51:30 PM TripMate main
INFO: Non-travel query: hey
May 26, 2025 7:51:49 PM TripMate main
INFO: Non-travel query: can you tell me about sri lanka
May 26, 2025 7:52:00 PM TripMate main
INFO: Non-travel query: i like sri lanka
May 26, 2025 7:52:08 PM TripMate main
INFO: Non-travel query: travel sri lanka
